Arguments: 
  C:\Program Files\nodejs\node.exe C:\Users\mowgl\AppData\Roaming\npm\node_modules\yarn\bin\yarn.js add --dev hardhat-contract-sizer

PATH: 
  C:\WINDOWS\system32;C:\WINDOWS;C:\WINDOWS\System32\Wbem;C:\WINDOWS\System32\WindowsPowerShell\v1.0\;C:\WINDOWS\System32\OpenSSH\;C:\Program Files\nodejs\;C:\Program Files\Git\cmd;C:\Users\mowgl\AppData\Local\Programs\Python\Python310\Scripts\;C:\Users\mowgl\AppData\Local\Programs\Python\Python310\;C:\Users\mowgl\AppData\Local\Microsoft\WindowsApps;;C:\Users\mowgl\AppData\Local\Programs\Microsoft VS Code\bin;C:\Users\mowgl\AppData\Roaming\npm;c:\users\mowgl\appdata\roaming\python\python310\scripts;c:\users\mowgl\.local\bin

Yarn version: 
  1.22.17

Node version: 
  16.14.0

Platform: 
  win32 x64

Trace: 
  Error: EPERM: operation not permitted, unlink 'C:\Users\mowgl\Desktop\web3\BIG-PROJECTS\StakerParadise\smartContractSide\node_modules\keccak\prebuilds\win32-x64\node.napi.node'

npm manifest: 
  {
    "name": "smartcontractside",
    "version": "1.0.0",
    "description": "",
    "main": "index.js",
    "scripts": {
      "test": "echo \"Error: no test specified\" && exit 1"
    },
    "author": "",
    "license": "ISC",
    "devDependencies": {
      "@nomiclabs/hardhat-ethers": "^2.0.6",
      "@nomiclabs/hardhat-waffle": "^2.0.3",
      "chai": "^4.3.6",
      "ethereum-waffle": "^3.4.4",
      "ethers": "^5.6.8"
    },
    "dependencies": {
      "@openzeppelin/contracts": "^4.6.0"
    }
  }

yarn manifest: 
  No manifest

Lockfile: 
  No lockfile
